graph: /Users/chandan-artpark/Desktop/fs_memory/docs

node: Appendix
  file: /Users/chandan-artpark/Desktop/fs_memory/docs/attention.md

node: Attention Limits
  file: /Users/chandan-artpark/Desktop/fs_memory/docs/attention.md
  edge: supports -> Embedding Capacity
  edge: related <- Embedding Capacity
  edge: related <- Token Budget
  edge: related <- Data Hygiene

node: Experiments
  file: /Users/chandan-artpark/Desktop/fs_memory/docs/attention.md
  edge: related <- Benchmarks
  edge: related <- Optimization
  edge: affects -> Token Budget
  edge: related <- Testing

node: Future Work
  file: /Users/chandan-artpark/Desktop/fs_memory/docs/attention.md
  edge: related -> Positional Bias

node: Loose Thoughts
  file: /Users/chandan-artpark/Desktop/fs_memory/docs/attention.md
  edge: mentions -> Nonexistent Concept

node: Notes
  file: /Users/chandan-artpark/Desktop/fs_memory/docs/attention.md

node: Overview
  file: /Users/chandan-artpark/Desktop/fs_memory/docs/attention.md
  edge: related -> Positional Bias

node: Practical Implications
  file: /Users/chandan-artpark/Desktop/fs_memory/docs/attention.md
  edge: related -> Embedding Collapse
  edge: related <- Positional Bias

node: Related Work
  file: /Users/chandan-artpark/Desktop/fs_memory/docs/attention.md
  edge: supports -> Embedding Capacity
  edge: references -> References

node: Vector Saturation
  file: /Users/chandan-artpark/Desktop/fs_memory/docs/attention.md
  edge: related -> Embedding Capacity
  edge: related -> Token Budget
  edge: related <- Token Budget
  edge: related <- Data Hygiene

node: Appendix
  file: /Users/chandan-artpark/Desktop/fs_memory/docs/embeddings.md

node: Applications
  file: /Users/chandan-artpark/Desktop/fs_memory/docs/embeddings.md
  edge: related -> Token Budget

node: Benchmarks
  file: /Users/chandan-artpark/Desktop/fs_memory/docs/embeddings.md
  edge: related -> Experiments
  edge: related <- References

node: Dimensionality
  file: /Users/chandan-artpark/Desktop/fs_memory/docs/embeddings.md
  edge: supports -> Embedding Capacity

node: Embedding Capacity
  file: /Users/chandan-artpark/Desktop/fs_memory/docs/embeddings.md
  edge: related -> Attention Limits
  edge: supports <- Attention Limits
  edge: supports <- Related Work
  edge: related <- Vector Saturation
  edge: supports <- Dimensionality
  edge: supports <- Embedding Collapse
  edge: related <- Practical Tips

node: Embedding Collapse
  file: /Users/chandan-artpark/Desktop/fs_memory/docs/embeddings.md
  edge: related <- Practical Implications
  edge: supports -> Embedding Capacity
  edge: helps -> Optimization

node: Limitations
  file: /Users/chandan-artpark/Desktop/fs_memory/docs/embeddings.md
  edge: mentions -> Nonexistent Concept

node: Optimization
  file: /Users/chandan-artpark/Desktop/fs_memory/docs/embeddings.md
  edge: related -> Experiments
  edge: helps <- Embedding Collapse
  edge: related <- Implementation Notes

node: Positional Bias
  file: /Users/chandan-artpark/Desktop/fs_memory/docs/embeddings.md
  edge: related <- Future Work
  edge: related <- Overview
  edge: related -> Practical Implications

node: Token Budget
  file: /Users/chandan-artpark/Desktop/fs_memory/docs/embeddings.md
  edge: related -> Attention Limits
  edge: affects <- Experiments
  edge: related -> Vector Saturation
  edge: related <- Vector Saturation
  edge: related <- Applications
  edge: related <- Practical Tips

node: References
  file: UNRESOLVED
  edge: references <- Related Work

node: Changelog
  file: /Users/chandan-artpark/Desktop/fs_memory/docs/test.md
  edge: related -> Practical Tips

node: Data Hygiene
  file: /Users/chandan-artpark/Desktop/fs_memory/docs/test.md
  edge: related -> Attention Limits
  edge: related -> Vector Saturation

node: Examples
  file: /Users/chandan-artpark/Desktop/fs_memory/docs/test.md
  edge: example -> Practical Tips

node: Implementation Notes
  file: /Users/chandan-artpark/Desktop/fs_memory/docs/test.md
  edge: related -> Optimization

node: Integration
  file: /Users/chandan-artpark/Desktop/fs_memory/docs/test.md

node: Nonexistent Concept
  file: /Users/chandan-artpark/Desktop/fs_memory/docs/test.md
  edge: mentions <- Loose Thoughts
  edge: mentions <- Limitations
  edge: stubbed -> Nonexistent Concept
  edge: stubbed <- Nonexistent Concept
  edge: stubbed <- Summary

node: Practical Tips
  file: /Users/chandan-artpark/Desktop/fs_memory/docs/test.md
  edge: related -> Embedding Capacity
  edge: related -> Token Budget
  edge: related <- Changelog
  edge: example <- Examples

node: References
  file: /Users/chandan-artpark/Desktop/fs_memory/docs/test.md
  edge: related -> Benchmarks

node: Summary
  file: /Users/chandan-artpark/Desktop/fs_memory/docs/test.md
  edge: stubbed -> Nonexistent Concept

node: Testing
  file: /Users/chandan-artpark/Desktop/fs_memory/docs/test.md
  edge: related -> Experiments

